<?xml version="1.0" encoding="UTF-8" ?>
<testsuite tests="6" failures="0" name="net.lightstone.util.ChannelBufferUtilsTest" time="0.123" errors="0" skipped="0">
  <properties>
[...]
</properties>
  <testcase classname="net.lightstone.util.ChannelBufferUtilsTest" name="testReadString" time="0.021"/>
  <testcase classname="net.lightstone.util.ChannelBufferUtilsTest" name="testWriteParameters" time="0"/>
  <testcase classname="net.lightstone.util.ChannelBufferUtilsTest" name="testReadParameters" time="0"/>
  <testcase classname="net.lightstone.util.ChannelBufferUtilsTest" name="testWriteString" time="0"/>
  <testcase classname="net.lightstone.util.ChannelBufferUtilsTest" name="testWriteUtf8String" time="0.001"/>
  <testcase classname="net.lightstone.util.ChannelBufferUtilsTest" name="testReadUtf8String" time="0"/>
</testsuite>